<?xml version="1.0" encoding="UTF-8"?>
<testng-results ignored="0" total="1" passed="1" failed="0" skipped="0">
  <reporter-output>
  </reporter-output>
  <suite started-at="2024-07-10T23:55:53 IST" name="Default suite" finished-at="2024-07-10T23:55:58 IST" duration-ms="5340">
    <groups>
      <group name="cucumber">
        <method signature="AbstractTestNGCucumberTests.runScenario(io.cucumber.testng.PickleWrapper,io.cucumber.testng.FeatureWrapper)[pri:0, instance:Runner.simple_runner@7ce69770]" name="runScenario" class="io.cucumber.testng.AbstractTestNGCucumberTests"/>
      </group> <!-- cucumber -->
    </groups>
    <test started-at="2024-07-10T23:55:53 IST" name="Default test" finished-at="2024-07-10T23:55:58 IST" duration-ms="5340">
      <class name="Runner.simple_runner">
        <test-method is-config="true" signature="setUpClass(org.testng.ITestContext)[pri:0, instance:Runner.simple_runner@7ce69770]" started-at="2024-07-10T23:55:53 IST" name="setUpClass" finished-at="2024-07-10T23:55:53 IST" duration-ms="329" status="PASS">
          <params>
            <param index="0">
              <value>
                <![CDATA[org.testng.TestRunner@5b94ccbc]]>
              </value>
            </param>
          </params>
          <reporter-output>
          </reporter-output>
        </test-method> <!-- setUpClass -->
        <test-method signature="runScenario(io.cucumber.testng.PickleWrapper,io.cucumber.testng.FeatureWrapper)[pri:0, instance:Runner.simple_runner@7ce69770]" started-at="2024-07-10T23:55:53 IST" name="runScenario" description="Runs Cucumber Scenarios" data-provider="scenarios" finished-at="2024-07-10T23:55:58 IST" duration-ms="4954" status="PASS">
          <params>
            <param index="0">
              <value>
                <![CDATA["Entering all the mandatory details on simple form page"]]>
              </value>
            </param>
            <param index="1">
              <value>
                <![CDATA["Automating the simple form page"]]>
              </value>
            </param>
          </params>
          <reporter-output>
          </reporter-output>
        </test-method> <!-- runScenario -->
        <test-method is-config="true" signature="tearDownClass()[pri:0, instance:Runner.simple_runner@7ce69770]" started-at="2024-07-10T23:55:58 IST" name="tearDownClass" finished-at="2024-07-10T23:55:58 IST" duration-ms="2" status="PASS">
          <reporter-output>
          </reporter-output>
        </test-method> <!-- tearDownClass -->
      </class> <!-- Runner.simple_runner -->
    </test> <!-- Default test -->
  </suite> <!-- Default suite -->
</testng-results>
